[14:22:21] [Server thread/INFO]: kawaii_vocaloid1 lost connection: TranslatableComponent{key='disconnect.timeout', args=[], siblings=[], style=Style{hasParent=false, color=null, bold=null, italic=null, underlined=null, obfuscated=null, clickEvent=null, hoverEvent=null}}
[14:22:21] [Server thread/INFO]: kawaii_vocaloid1 left the game
[14:22:21] [Server thread/WARN]: Can't keep up! Did the system time change, or is the server overloaded? Running 29649580ms behind, skipping 592991 tick(s)
[14:23:38] [Server thread/INFO]: kirka121[/127.0.0.1:16873] logged in with entity id 1454972 at (-264.61174865568466, 64.0, 191.5730106645201)
[14:23:38] [Server thread/INFO]: kirka121 joined the game
[14:26:05] [Server thread/INFO]: kawaii_vocaloid1[/169.254.24.158:49720] logged in with entity id 1463841 at (-301.44995688952974, 77.0, 436.11365027686685)
[14:26:05] [Server thread/INFO]: kawaii_vocaloid1 joined the game
[14:31:08] [Server thread/WARN]: Can't keep up! Did the system time change, or is the server overloaded? Running 2013ms behind, skipping 40 tick(s)
[14:39:04] [Server thread/INFO]: kawaii_vocaloid1 lost connection: TextComponent{text='Disconnected', siblings=[], style=Style{hasParent=false, color=null, bold=null, italic=null, underlined=null, obfuscated=null, clickEvent=null, hoverEvent=null}}
[14:39:04] [Server thread/INFO]: kawaii_vocaloid1 left the game
[14:39:09] [Server thread/INFO]: kawaii_vocaloid1[/169.254.24.158:49726] logged in with entity id 1509096 at (-291.90732928238714, 78.0, 378.49871605939313)
[14:39:09] [Server thread/INFO]: kawaii_vocaloid1 joined the game
[14:46:50] [Server thread/INFO]: kirka121 has just earned the achievement [Delicious Fish]
[14:47:48] [Server thread/INFO]: kirka121 lost connection: TextComponent{text='Disconnected', siblings=[], style=Style{hasParent=false, color=null, bold=null, italic=null, underlined=null, obfuscated=null, clickEvent=null, hoverEvent=null}}
[14:47:48] [Server thread/INFO]: kirka121 left the game
[14:47:50] [Server thread/INFO]: kawaii_vocaloid1 lost connection: TextComponent{text='Disconnected', siblings=[], style=Style{hasParent=false, color=null, bold=null, italic=null, underlined=null, obfuscated=null, clickEvent=null, hoverEvent=null}}
[14:47:50] [Server thread/INFO]: kawaii_vocaloid1 left the game
[14:55:10] [Server thread/INFO]: kirka121[/127.0.0.1:17812] logged in with entity id 1534916 at (-243.5, 82.0, 349.5)
[14:55:10] [Server thread/INFO]: kirka121 joined the game
[14:57:16] [Server thread/INFO]: kawaii_vocaloid1[/169.254.24.158:49761] logged in with entity id 1541998 at (-240.5, 82.0, 349.5)
[14:57:16] [Server thread/INFO]: kawaii_vocaloid1 joined the game
[15:06:14] [Server thread/WARN]: Can't keep up! Did the system time change, or is the server overloaded? Running 2579ms behind, skipping 51 tick(s)
[15:06:35] [Server thread/WARN]: Can't keep up! Did the system time change, or is the server overloaded? Running 6383ms behind, skipping 127 tick(s)
[15:08:00] [Server thread/WARN]: Can't keep up! Did the system time change, or is the server overloaded? Running 2557ms behind, skipping 51 tick(s)
[15:08:33] [Server thread/WARN]: Can't keep up! Did the system time change, or is the server overloaded? Running 10649ms behind, skipping 212 tick(s)
[15:11:00] [Server thread/WARN]: Can't keep up! Did the system time change, or is the server overloaded? Running 3442ms behind, skipping 68 tick(s)
[15:11:30] [Server thread/WARN]: Can't keep up! Did the system time change, or is the server overloaded? Running 9178ms behind, skipping 183 tick(s)
[15:13:24] [Server thread/WARN]: Can't keep up! Did the system time change, or is the server overloaded? Running 2611ms behind, skipping 52 tick(s)
[15:13:44] [Server thread/WARN]: Can't keep up! Did the system time change, or is the server overloaded? Running 5883ms behind, skipping 117 tick(s)
[15:15:50] [Server thread/WARN]: Can't keep up! Did the system time change, or is the server overloaded? Running 2013ms behind, skipping 40 tick(s)
[15:16:26] [Server thread/WARN]: Can't keep up! Did the system time change, or is the server overloaded? Running 12994ms behind, skipping 259 tick(s)
[15:17:23] [Server thread/WARN]: Can't keep up! Did the system time change, or is the server overloaded? Running 2341ms behind, skipping 46 tick(s)
[15:17:59] [Server thread/WARN]: Can't keep up! Did the system time change, or is the server overloaded? Running 11873ms behind, skipping 237 tick(s)
[15:18:53] [Server thread/INFO]: kawaii_vocaloid1 was burnt to a crisp whilst fighting Skeleton
[15:19:03] [Server thread/WARN]: Can't keep up! Did the system time change, or is the server overloaded? Running 4014ms behind, skipping 80 tick(s)
[15:19:42] [Server thread/WARN]: Can't keep up! Did the system time change, or is the server overloaded? Running 15640ms behind, skipping 312 tick(s)
[15:19:44] [Server thread/WARN]: Can't keep up! Did the system time change, or is the server overloaded? Running 2390ms behind, skipping 47 tick(s)
[15:20:44] [Server thread/WARN]: Can't keep up! Did the system time change, or is the server overloaded? Running 3608ms behind, skipping 72 tick(s)
[15:21:16] [Server thread/WARN]: Can't keep up! Did the system time change, or is the server overloaded? Running 10108ms behind, skipping 202 tick(s)
[15:21:50] [Server thread/WARN]: Can't keep up! Did the system time change, or is the server overloaded? Running 5354ms behind, skipping 107 tick(s)
[15:22:18] [Server thread/WARN]: Can't keep up! Did the system time change, or is the server overloaded? Running 9022ms behind, skipping 180 tick(s)
[15:24:11] [Server thread/WARN]: Can't keep up! Did the system time change, or is the server overloaded? Running 3710ms behind, skipping 74 tick(s)
[15:24:38] [Server thread/WARN]: Can't keep up! Did the system time change, or is the server overloaded? Running 8114ms behind, skipping 162 tick(s)
[15:26:09] [Server thread/WARN]: Can't keep up! Did the system time change, or is the server overloaded? Running 2365ms behind, skipping 47 tick(s)
[15:26:33] [Server thread/WARN]: Can't keep up! Did the system time change, or is the server overloaded? Running 6651ms behind, skipping 133 tick(s)
[15:28:00] [Server thread/WARN]: Can't keep up! Did the system time change, or is the server overloaded? Running 4544ms behind, skipping 90 tick(s)
[15:28:27] [Server thread/WARN]: Can't keep up! Did the system time change, or is the server overloaded? Running 8228ms behind, skipping 164 tick(s)
[15:29:47] [Server thread/WARN]: Can't keep up! Did the system time change, or is the server overloaded? Running 3072ms behind, skipping 61 tick(s)
[15:30:14] [Server thread/WARN]: Can't keep up! Did the system time change, or is the server overloaded? Running 11015ms behind, skipping 220 tick(s)
[15:31:30] [Server thread/WARN]: Can't keep up! Did the system time change, or is the server overloaded? Running 5021ms behind, skipping 100 tick(s)
[15:31:54] [Server thread/WARN]: Can't keep up! Did the system time change, or is the server overloaded? Running 7965ms behind, skipping 159 tick(s)
[15:33:06] [Server thread/WARN]: Can't keep up! Did the system time change, or is the server overloaded? Running 3640ms behind, skipping 72 tick(s)
[15:33:25] [Server thread/WARN]: Can't keep up! Did the system time change, or is the server overloaded? Running 2795ms behind, skipping 55 tick(s)
[15:34:25] [Server thread/WARN]: Can't keep up! Did the system time change, or is the server overloaded? Running 3062ms behind, skipping 61 tick(s)
[15:34:52] [Server thread/WARN]: Can't keep up! Did the system time change, or is the server overloaded? Running 8521ms behind, skipping 170 tick(s)
[15:36:15] [Server thread/WARN]: Can't keep up! Did the system time change, or is the server overloaded? Running 3016ms behind, skipping 60 tick(s)
[15:36:52] [Server thread/WARN]: Can't keep up! Did the system time change, or is the server overloaded? Running 13438ms behind, skipping 268 tick(s)
[15:38:01] [Server thread/WARN]: Can't keep up! Did the system time change, or is the server overloaded? Running 5560ms behind, skipping 111 tick(s)
[15:38:30] [Server thread/WARN]: Can't keep up! Did the system time change, or is the server overloaded? Running 9262ms behind, skipping 185 tick(s)
[15:39:45] [Server thread/WARN]: Can't keep up! Did the system time change, or is the server overloaded? Running 6112ms behind, skipping 122 tick(s)
[15:40:14] [Server thread/WARN]: Can't keep up! Did the system time change, or is the server overloaded? Running 8713ms behind, skipping 174 tick(s)
[15:41:24] [Server thread/WARN]: Can't keep up! Did the system time change, or is the server overloaded? Running 5506ms behind, skipping 110 tick(s)
[15:41:53] [Server thread/WARN]: Can't keep up! Did the system time change, or is the server overloaded? Running 8650ms behind, skipping 173 tick(s)
[15:43:47] [Server thread/WARN]: Can't keep up! Did the system time change, or is the server overloaded? Running 3083ms behind, skipping 61 tick(s)
[15:44:15] [Server thread/WARN]: Can't keep up! Did the system time change, or is the server overloaded? Running 13295ms behind, skipping 265 tick(s)
[15:45:12] [Server thread/WARN]: Can't keep up! Did the system time change, or is the server overloaded? Running 2481ms behind, skipping 49 tick(s)
[15:45:45] [Server thread/WARN]: Can't keep up! Did the system time change, or is the server overloaded? Running 11957ms behind, skipping 239 tick(s)
[15:47:56] [Server thread/WARN]: Can't keep up! Did the system time change, or is the server overloaded? Running 3382ms behind, skipping 67 tick(s)
[15:48:17] [Server thread/WARN]: Can't keep up! Did the system time change, or is the server overloaded? Running 8204ms behind, skipping 164 tick(s)
[15:49:51] [Server thread/WARN]: Can't keep up! Did the system time change, or is the server overloaded? Running 4963ms behind, skipping 99 tick(s)
[15:50:34] [Server thread/WARN]: Can't keep up! Did the system time change, or is the server overloaded? Running 14931ms behind, skipping 298 tick(s)
[15:51:50] [Server thread/WARN]: Can't keep up! Did the system time change, or is the server overloaded? Running 2164ms behind, skipping 43 tick(s)
[15:52:15] [Server thread/WARN]: Can't keep up! Did the system time change, or is the server overloaded? Running 7168ms behind, skipping 143 tick(s)
[15:52:52] [Server thread/WARN]: Can't keep up! Did the system time change, or is the server overloaded? Running 7466ms behind, skipping 149 tick(s)
[15:53:14] [Server thread/WARN]: Can't keep up! Did the system time change, or is the server overloaded? Running 13396ms behind, skipping 267 tick(s)
[15:54:40] [Server thread/WARN]: Can't keep up! Did the system time change, or is the server overloaded? Running 2524ms behind, skipping 50 tick(s)
[15:55:16] [Server thread/WARN]: Can't keep up! Did the system time change, or is the server overloaded? Running 10989ms behind, skipping 219 tick(s)
[15:56:45] [Server thread/WARN]: Can't keep up! Did the system time change, or is the server overloaded? Running 8621ms behind, skipping 172 tick(s)
[15:56:57] [Server thread/WARN]: Can't keep up! Did the system time change, or is the server overloaded? Running 2718ms behind, skipping 54 tick(s)
[15:57:42] [Server thread/WARN]: Can't keep up! Did the system time change, or is the server overloaded? Running 2014ms behind, skipping 40 tick(s)
[15:58:15] [Server thread/WARN]: Can't keep up! Did the system time change, or is the server overloaded? Running 10362ms behind, skipping 207 tick(s)
[15:59:37] [Server thread/WARN]: Can't keep up! Did the system time change, or is the server overloaded? Running 3102ms behind, skipping 62 tick(s)
[16:00:17] [Server thread/WARN]: Can't keep up! Did the system time change, or is the server overloaded? Running 13042ms behind, skipping 260 tick(s)
[16:01:40] [Server thread/WARN]: Can't keep up! Did the system time change, or is the server overloaded? Running 4647ms behind, skipping 92 tick(s)
[16:02:10] [Server thread/WARN]: Can't keep up! Did the system time change, or is the server overloaded? Running 8978ms behind, skipping 179 tick(s)
[16:02:55] [Server thread/WARN]: Can't keep up! Did the system time change, or is the server overloaded? Running 2217ms behind, skipping 44 tick(s)
[16:03:24] [Server thread/WARN]: Can't keep up! Did the system time change, or is the server overloaded? Running 10944ms behind, skipping 218 tick(s)
[16:04:16] [Server thread/WARN]: Can't keep up! Did the system time change, or is the server overloaded? Running 4913ms behind, skipping 98 tick(s)
[16:04:41] [Server thread/WARN]: Can't keep up! Did the system time change, or is the server overloaded? Running 7898ms behind, skipping 157 tick(s)
[16:05:17] [Server thread/WARN]: Can't keep up! Did the system time change, or is the server overloaded? Running 2879ms behind, skipping 57 tick(s)
[16:05:46] [Server thread/WARN]: Can't keep up! Did the system time change, or is the server overloaded? Running 8947ms behind, skipping 178 tick(s)
[16:05:52] [Server thread/INFO]: kawaii_vocaloid1 fell from a high place
[16:06:02] [Server thread/WARN]: Can't keep up! Did the system time change, or is the server overloaded? Running 2376ms behind, skipping 47 tick(s)
[16:06:23] [Server thread/WARN]: Can't keep up! Did the system time change, or is the server overloaded? Running 5244ms behind, skipping 104 tick(s)
[16:06:43] [Server thread/WARN]: Can't keep up! Did the system time change, or is the server overloaded? Running 6311ms behind, skipping 126 tick(s)
[16:07:43] [Server thread/WARN]: Can't keep up! Did the system time change, or is the server overloaded? Running 3483ms behind, skipping 69 tick(s)
[16:08:14] [Server thread/WARN]: Can't keep up! Did the system time change, or is the server overloaded? Running 9972ms behind, skipping 199 tick(s)
[16:08:40] [Server thread/WARN]: Can't keep up! Did the system time change, or is the server overloaded? Running 4111ms behind, skipping 82 tick(s)
[16:09:10] [Server thread/WARN]: Can't keep up! Did the system time change, or is the server overloaded? Running 18022ms behind, skipping 360 tick(s)
[16:09:54] [Server thread/WARN]: Can't keep up! Did the system time change, or is the server overloaded? Running 3405ms behind, skipping 68 tick(s)
[16:10:18] [Server thread/WARN]: Can't keep up! Did the system time change, or is the server overloaded? Running 9394ms behind, skipping 187 tick(s)
[16:11:06] [Server thread/WARN]: Can't keep up! Did the system time change, or is the server overloaded? Running 3453ms behind, skipping 69 tick(s)
[16:11:41] [Server thread/WARN]: Can't keep up! Did the system time change, or is the server overloaded? Running 11177ms behind, skipping 223 tick(s)
[16:12:26] [Server thread/WARN]: Can't keep up! Did the system time change, or is the server overloaded? Running 4007ms behind, skipping 80 tick(s)
[16:12:54] [Server thread/WARN]: Can't keep up! Did the system time change, or is the server overloaded? Running 10957ms behind, skipping 219 tick(s)
[16:13:53] [Server thread/WARN]: Can't keep up! Did the system time change, or is the server overloaded? Running 3495ms behind, skipping 69 tick(s)
[16:14:17] [Server thread/WARN]: Can't keep up! Did the system time change, or is the server overloaded? Running 9317ms behind, skipping 186 tick(s)
[16:15:01] [Server thread/WARN]: Can't keep up! Did the system time change, or is the server overloaded? Running 3284ms behind, skipping 65 tick(s)
[16:15:28] [Server thread/WARN]: Can't keep up! Did the system time change, or is the server overloaded? Running 6127ms behind, skipping 122 tick(s)
[16:16:20] [Server thread/WARN]: Can't keep up! Did the system time change, or is the server overloaded? Running 2846ms behind, skipping 56 tick(s)
[16:16:52] [Server thread/WARN]: Can't keep up! Did the system time change, or is the server overloaded? Running 13393ms behind, skipping 267 tick(s)
[16:17:42] [Server thread/WARN]: Can't keep up! Did the system time change, or is the server overloaded? Running 4027ms behind, skipping 80 tick(s)
[16:18:14] [Server thread/WARN]: Can't keep up! Did the system time change, or is the server overloaded? Running 12398ms behind, skipping 247 tick(s)
[16:19:10] [Server thread/WARN]: Can't keep up! Did the system time change, or is the server overloaded? Running 4424ms behind, skipping 88 tick(s)
[16:19:46] [Server thread/WARN]: Can't keep up! Did the system time change, or is the server overloaded? Running 14519ms behind, skipping 290 tick(s)
[16:20:28] [Server thread/WARN]: Can't keep up! Did the system time change, or is the server overloaded? Running 5427ms behind, skipping 108 tick(s)
[16:20:48] [Server thread/WARN]: Can't keep up! Did the system time change, or is the server overloaded? Running 5542ms behind, skipping 110 tick(s)
[16:21:14] [Server thread/WARN]: Can't keep up! Did the system time change, or is the server overloaded? Running 2494ms behind, skipping 49 tick(s)
[16:21:33] [Server thread/WARN]: Can't keep up! Did the system time change, or is the server overloaded? Running 4504ms behind, skipping 90 tick(s)
[16:22:04] [Server thread/WARN]: Can't keep up! Did the system time change, or is the server overloaded? Running 3978ms behind, skipping 79 tick(s)
[16:22:30] [Server thread/WARN]: Can't keep up! Did the system time change, or is the server overloaded? Running 7860ms behind, skipping 157 tick(s)
[16:23:12] [Server thread/WARN]: Can't keep up! Did the system time change, or is the server overloaded? Running 4009ms behind, skipping 80 tick(s)
[16:23:43] [Server thread/WARN]: Can't keep up! Did the system time change, or is the server overloaded? Running 13874ms behind, skipping 277 tick(s)
[16:24:35] [Server thread/WARN]: Can't keep up! Did the system time change, or is the server overloaded? Running 3536ms behind, skipping 70 tick(s)
[16:25:07] [Server thread/WARN]: Can't keep up! Did the system time change, or is the server overloaded? Running 8079ms behind, skipping 161 tick(s)
[16:26:17] [Server thread/WARN]: Can't keep up! Did the system time change, or is the server overloaded? Running 2681ms behind, skipping 53 tick(s)
[16:26:43] [Server thread/WARN]: Can't keep up! Did the system time change, or is the server overloaded? Running 12529ms behind, skipping 250 tick(s)
[16:27:56] [Server thread/WARN]: Can't keep up! Did the system time change, or is the server overloaded? Running 2553ms behind, skipping 51 tick(s)
[16:28:28] [Server thread/WARN]: Can't keep up! Did the system time change, or is the server overloaded? Running 7921ms behind, skipping 158 tick(s)
[16:29:17] [Server thread/WARN]: Can't keep up! Did the system time change, or is the server overloaded? Running 5008ms behind, skipping 100 tick(s)
[16:29:40] [Server thread/WARN]: Can't keep up! Did the system time change, or is the server overloaded? Running 7473ms behind, skipping 149 tick(s)
[16:30:26] [Server thread/WARN]: Can't keep up! Did the system time change, or is the server overloaded? Running 2322ms behind, skipping 46 tick(s)
[16:30:52] [Server thread/WARN]: Can't keep up! Did the system time change, or is the server overloaded? Running 11297ms behind, skipping 225 tick(s)
[16:32:05] [Server thread/WARN]: Can't keep up! Did the system time change, or is the server overloaded? Running 2061ms behind, skipping 41 tick(s)
[16:32:32] [Server thread/WARN]: Can't keep up! Did the system time change, or is the server overloaded? Running 11943ms behind, skipping 238 tick(s)
[16:33:23] [Server thread/WARN]: Can't keep up! Did the system time change, or is the server overloaded? Running 2997ms behind, skipping 59 tick(s)
[16:33:46] [Server thread/WARN]: Can't keep up! Did the system time change, or is the server overloaded? Running 6915ms behind, skipping 138 tick(s)
[16:34:38] [Server thread/WARN]: Can't keep up! Did the system time change, or is the server overloaded? Running 2566ms behind, skipping 51 tick(s)
[16:35:04] [Server thread/WARN]: Can't keep up! Did the system time change, or is the server overloaded? Running 9025ms behind, skipping 180 tick(s)
[16:35:50] [Server thread/WARN]: Can't keep up! Did the system time change, or is the server overloaded? Running 2974ms behind, skipping 59 tick(s)
[16:36:19] [Server thread/WARN]: Can't keep up! Did the system time change, or is the server overloaded? Running 10554ms behind, skipping 211 tick(s)
[16:37:00] [Server thread/WARN]: Can't keep up! Did the system time change, or is the server overloaded? Running 2337ms behind, skipping 46 tick(s)
[16:37:24] [Server thread/WARN]: Can't keep up! Did the system time change, or is the server overloaded? Running 10527ms behind, skipping 210 tick(s)
[16:38:07] [Server thread/WARN]: Can't keep up! Did the system time change, or is the server overloaded? Running 5335ms behind, skipping 106 tick(s)
[16:38:29] [Server thread/WARN]: Can't keep up! Did the system time change, or is the server overloaded? Running 5904ms behind, skipping 118 tick(s)
[16:39:25] [Server thread/WARN]: Can't keep up! Did the system time change, or is the server overloaded? Running 2125ms behind, skipping 42 tick(s)
[16:39:55] [Server thread/WARN]: Can't keep up! Did the system time change, or is the server overloaded? Running 9447ms behind, skipping 188 tick(s)
[16:40:51] [Server thread/WARN]: Can't keep up! Did the system time change, or is the server overloaded? Running 4025ms behind, skipping 80 tick(s)
[16:41:22] [Server thread/WARN]: Can't keep up! Did the system time change, or is the server overloaded? Running 9557ms behind, skipping 191 tick(s)
[16:42:12] [Server thread/WARN]: Can't keep up! Did the system time change, or is the server overloaded? Running 2560ms behind, skipping 51 tick(s)
[16:42:36] [Server thread/WARN]: Can't keep up! Did the system time change, or is the server overloaded? Running 9085ms behind, skipping 181 tick(s)
[16:43:41] [Server thread/WARN]: Can't keep up! Did the system time change, or is the server overloaded? Running 4867ms behind, skipping 97 tick(s)
[16:44:14] [Server thread/WARN]: Can't keep up! Did the system time change, or is the server overloaded? Running 12488ms behind, skipping 249 tick(s)
[16:45:26] [Server thread/WARN]: Can't keep up! Did the system time change, or is the server overloaded? Running 2574ms behind, skipping 51 tick(s)
[16:45:54] [Server thread/WARN]: Can't keep up! Did the system time change, or is the server overloaded? Running 8990ms behind, skipping 179 tick(s)
[16:46:51] [Server thread/WARN]: Can't keep up! Did the system time change, or is the server overloaded? Running 3944ms behind, skipping 78 tick(s)
[16:47:15] [Server thread/INFO]: kirka121 was shot by Skeleton
[16:47:17] [Server thread/WARN]: Can't keep up! Did the system time change, or is the server overloaded? Running 4795ms behind, skipping 95 tick(s)
[16:48:15] [Server thread/WARN]: Can't keep up! Did the system time change, or is the server overloaded? Running 2520ms behind, skipping 50 tick(s)
[16:48:39] [Server thread/WARN]: Can't keep up! Did the system time change, or is the server overloaded? Running 6360ms behind, skipping 127 tick(s)
[16:49:40] [Server thread/WARN]: Can't keep up! Did the system time change, or is the server overloaded? Running 2042ms behind, skipping 40 tick(s)
[16:50:08] [Server thread/WARN]: Can't keep up! Did the system time change, or is the server overloaded? Running 14597ms behind, skipping 291 tick(s)
[16:51:18] [Server thread/WARN]: Can't keep up! Did the system time change, or is the server overloaded? Running 2314ms behind, skipping 46 tick(s)
[16:51:39] [Server thread/WARN]: Can't keep up! Did the system time change, or is the server overloaded? Running 6456ms behind, skipping 129 tick(s)
[16:52:42] [Server thread/WARN]: Can't keep up! Did the system time change, or is the server overloaded? Running 2341ms behind, skipping 46 tick(s)
[16:53:03] [Server thread/WARN]: Can't keep up! Did the system time change, or is the server overloaded? Running 5565ms behind, skipping 111 tick(s)
[16:54:09] [Server thread/WARN]: Can't keep up! Did the system time change, or is the server overloaded? Running 3597ms behind, skipping 71 tick(s)
[16:54:28] [Server thread/WARN]: Can't keep up! Did the system time change, or is the server overloaded? Running 2619ms behind, skipping 52 tick(s)
[16:55:21] [Server thread/WARN]: Can't keep up! Did the system time change, or is the server overloaded? Running 3552ms behind, skipping 71 tick(s)
[16:55:47] [Server thread/WARN]: Can't keep up! Did the system time change, or is the server overloaded? Running 4356ms behind, skipping 87 tick(s)
[16:56:53] [Server thread/WARN]: Can't keep up! Did the system time change, or is the server overloaded? Running 2582ms behind, skipping 51 tick(s)
[16:58:22] [Server thread/WARN]: Can't keep up! Did the system time change, or is the server overloaded? Running 2093ms behind, skipping 41 tick(s)
[16:58:41] [Server thread/WARN]: Can't keep up! Did the system time change, or is the server overloaded? Running 2908ms behind, skipping 58 tick(s)
[16:59:54] [Server thread/WARN]: Can't keep up! Did the system time change, or is the server overloaded? Running 2050ms behind, skipping 41 tick(s)
[17:00:17] [Server thread/WARN]: Can't keep up! Did the system time change, or is the server overloaded? Running 3873ms behind, skipping 77 tick(s)
[17:01:58] [Server thread/WARN]: Can't keep up! Did the system time change, or is the server overloaded? Running 2046ms behind, skipping 40 tick(s)
[17:02:19] [Server thread/WARN]: Can't keep up! Did the system time change, or is the server overloaded? Running 2668ms behind, skipping 53 tick(s)
[17:03:14] [Server thread/WARN]: Can't keep up! Did the system time change, or is the server overloaded? Running 2463ms behind, skipping 49 tick(s)
[17:03:37] [Server thread/WARN]: Can't keep up! Did the system time change, or is the server overloaded? Running 8435ms behind, skipping 168 tick(s)
[17:04:28] [Server thread/WARN]: Can't keep up! Did the system time change, or is the server overloaded? Running 3182ms behind, skipping 63 tick(s)
[17:04:49] [Server thread/WARN]: Can't keep up! Did the system time change, or is the server overloaded? Running 4116ms behind, skipping 82 tick(s)
[17:05:50] [Server thread/WARN]: Can't keep up! Did the system time change, or is the server overloaded? Running 2490ms behind, skipping 49 tick(s)
[17:06:13] [Server thread/WARN]: Can't keep up! Did the system time change, or is the server overloaded? Running 8092ms behind, skipping 161 tick(s)
[17:07:22] [Server thread/WARN]: Can't keep up! Did the system time change, or is the server overloaded? Running 2616ms behind, skipping 52 tick(s)
[17:07:52] [Server thread/WARN]: Can't keep up! Did the system time change, or is the server overloaded? Running 5688ms behind, skipping 113 tick(s)
[17:08:55] [Server thread/WARN]: Can't keep up! Did the system time change, or is the server overloaded? Running 2122ms behind, skipping 42 tick(s)
[17:09:17] [Server thread/WARN]: Can't keep up! Did the system time change, or is the server overloaded? Running 3554ms behind, skipping 71 tick(s)
[17:10:06] [Server thread/WARN]: Can't keep up! Did the system time change, or is the server overloaded? Running 3508ms behind, skipping 70 tick(s)
[17:11:02] [Server thread/WARN]: Can't keep up! Did the system time change, or is the server overloaded? Running 2097ms behind, skipping 41 tick(s)
[17:11:28] [Server thread/WARN]: Can't keep up! Did the system time change, or is the server overloaded? Running 5596ms behind, skipping 111 tick(s)
[17:12:24] [Server thread/WARN]: Can't keep up! Did the system time change, or is the server overloaded? Running 2379ms behind, skipping 47 tick(s)
[17:12:48] [Server thread/WARN]: Can't keep up! Did the system time change, or is the server overloaded? Running 7790ms behind, skipping 155 tick(s)
[17:14:00] [Server thread/WARN]: Can't keep up! Did the system time change, or is the server overloaded? Running 2470ms behind, skipping 49 tick(s)
[17:14:25] [Server thread/WARN]: Can't keep up! Did the system time change, or is the server overloaded? Running 4822ms behind, skipping 96 tick(s)
[17:15:18] [Server thread/WARN]: Can't keep up! Did the system time change, or is the server overloaded? Running 4612ms behind, skipping 92 tick(s)
[17:15:49] [Server thread/WARN]: Can't keep up! Did the system time change, or is the server overloaded? Running 10474ms behind, skipping 209 tick(s)
[17:16:38] [Server thread/WARN]: Can't keep up! Did the system time change, or is the server overloaded? Running 3396ms behind, skipping 67 tick(s)
[17:17:11] [Server thread/WARN]: Can't keep up! Did the system time change, or is the server overloaded? Running 17206ms behind, skipping 344 tick(s)
[17:18:01] [Server thread/WARN]: Can't keep up! Did the system time change, or is the server overloaded? Running 2513ms behind, skipping 50 tick(s)
[17:18:28] [Server thread/WARN]: Can't keep up! Did the system time change, or is the server overloaded? Running 12021ms behind, skipping 240 tick(s)
[17:19:22] [Server thread/WARN]: Can't keep up! Did the system time change, or is the server overloaded? Running 2612ms behind, skipping 52 tick(s)
[17:19:53] [Server thread/WARN]: Can't keep up! Did the system time change, or is the server overloaded? Running 12791ms behind, skipping 255 tick(s)
[17:20:32] [Server thread/WARN]: Can't keep up! Did the system time change, or is the server overloaded? Running 2964ms behind, skipping 59 tick(s)
[17:21:02] [Server thread/WARN]: Can't keep up! Did the system time change, or is the server overloaded? Running 11801ms behind, skipping 236 tick(s)
[17:21:38] [Server thread/WARN]: Can't keep up! Did the system time change, or is the server overloaded? Running 3340ms behind, skipping 66 tick(s)
[17:22:12] [Server thread/WARN]: Can't keep up! Did the system time change, or is the server overloaded? Running 11747ms behind, skipping 234 tick(s)
[17:22:40] [Server thread/WARN]: Can't keep up! Did the system time change, or is the server overloaded? Running 3370ms behind, skipping 67 tick(s)
[17:23:12] [Server thread/WARN]: Can't keep up! Did the system time change, or is the server overloaded? Running 12114ms behind, skipping 242 tick(s)
[17:23:39] [Server thread/WARN]: Can't keep up! Did the system time change, or is the server overloaded? Running 3595ms behind, skipping 71 tick(s)
[17:24:21] [Server thread/WARN]: Can't keep up! Did the system time change, or is the server overloaded? Running 18790ms behind, skipping 375 tick(s)
[17:24:42] [Server thread/WARN]: Can't keep up! Did the system time change, or is the server overloaded? Running 5439ms behind, skipping 108 tick(s)
[17:25:22] [Server thread/WARN]: Can't keep up! Did the system time change, or is the server overloaded? Running 17062ms behind, skipping 341 tick(s)
[17:25:54] [Server thread/WARN]: Can't keep up! Did the system time change, or is the server overloaded? Running 3652ms behind, skipping 73 tick(s)
[17:26:33] [Server thread/WARN]: Can't keep up! Did the system time change, or is the server overloaded? Running 25922ms behind, skipping 518 tick(s)
[17:26:36] [Server thread/WARN]: Can't keep up! Did the system time change, or is the server overloaded? Running 2443ms behind, skipping 48 tick(s)
[17:27:21] [Server thread/WARN]: Can't keep up! Did the system time change, or is the server overloaded? Running 2209ms behind, skipping 44 tick(s)
[17:27:55] [Server thread/WARN]: Can't keep up! Did the system time change, or is the server overloaded? Running 18280ms behind, skipping 365 tick(s)
[17:28:06] [Server thread/WARN]: Can't keep up! Did the system time change, or is the server overloaded? Running 2035ms behind, skipping 40 tick(s)
[17:28:24] [Server thread/WARN]: Can't keep up! Did the system time change, or is the server overloaded? Running 4732ms behind, skipping 94 tick(s)
[17:28:57] [Server thread/WARN]: Can't keep up! Did the system time change, or is the server overloaded? Running 19440ms behind, skipping 388 tick(s)
[17:29:11] [Server thread/INFO]: kawaii_vocaloid1 was slain by Zombie
[17:29:18] [Server thread/WARN]: Can't keep up! Did the system time change, or is the server overloaded? Running 2177ms behind, skipping 43 tick(s)
[17:29:56] [Server thread/WARN]: Can't keep up! Did the system time change, or is the server overloaded? Running 20821ms behind, skipping 416 tick(s)
[17:30:55] [Server thread/WARN]: Can't keep up! Did the system time change, or is the server overloaded? Running 11081ms behind, skipping 221 tick(s)
[17:31:10] [Server thread/WARN]: Can't keep up! Did the system time change, or is the server overloaded? Running 10935ms behind, skipping 218 tick(s)
[17:31:58] [Server thread/WARN]: Can't keep up! Did the system time change, or is the server overloaded? Running 5637ms behind, skipping 112 tick(s)
[17:32:26] [Server thread/WARN]: Can't keep up! Did the system time change, or is the server overloaded? Running 10389ms behind, skipping 207 tick(s)
[17:32:50] [Server thread/WARN]: Can't keep up! Did the system time change, or is the server overloaded? Running 5264ms behind, skipping 105 tick(s)
[17:33:13] [Server thread/WARN]: Can't keep up! Did the system time change, or is the server overloaded? Running 8011ms behind, skipping 160 tick(s)
[17:33:23] [Server thread/WARN]: Can't keep up! Did the system time change, or is the server overloaded? Running 2022ms behind, skipping 40 tick(s)
[17:33:47] [Server thread/WARN]: Can't keep up! Did the system time change, or is the server overloaded? Running 4172ms behind, skipping 83 tick(s)
[17:34:16] [Server thread/WARN]: Can't keep up! Did the system time change, or is the server overloaded? Running 14982ms behind, skipping 299 tick(s)
[17:35:15] [Server thread/WARN]: Can't keep up! Did the system time change, or is the server overloaded? Running 5974ms behind, skipping 119 tick(s)
[17:35:58] [Server thread/WARN]: Can't keep up! Did the system time change, or is the server overloaded? Running 16050ms behind, skipping 321 tick(s)
[17:36:21] [Server thread/WARN]: Can't keep up! Did the system time change, or is the server overloaded? Running 4995ms behind, skipping 99 tick(s)
[17:36:59] [Server thread/WARN]: Can't keep up! Did the system time change, or is the server overloaded? Running 14995ms behind, skipping 299 tick(s)
[17:37:18] [Server thread/WARN]: Can't keep up! Did the system time change, or is the server overloaded? Running 2938ms behind, skipping 58 tick(s)
[17:38:13] [Server thread/WARN]: Can't keep up! Did the system time change, or is the server overloaded? Running 21956ms behind, skipping 439 tick(s)
[17:38:35] [Server thread/WARN]: Can't keep up! Did the system time change, or is the server overloaded? Running 6263ms behind, skipping 125 tick(s)
[17:39:14] [Server thread/WARN]: Can't keep up! Did the system time change, or is the server overloaded? Running 14329ms behind, skipping 286 tick(s)
[17:39:24] [Server thread/WARN]: Can't keep up! Did the system time change, or is the server overloaded? Running 2051ms behind, skipping 41 tick(s)
[17:40:09] [Server thread/WARN]: Can't keep up! Did the system time change, or is the server overloaded? Running 17038ms behind, skipping 340 tick(s)
[17:40:24] [Server thread/WARN]: Can't keep up! Did the system time change, or is the server overloaded? Running 2517ms behind, skipping 50 tick(s)
[17:41:14] [Server thread/WARN]: Can't keep up! Did the system time change, or is the server overloaded? Running 19150ms behind, skipping 383 tick(s)
[17:41:34] [Server thread/WARN]: Can't keep up! Did the system time change, or is the server overloaded? Running 3116ms behind, skipping 62 tick(s)
[17:42:17] [Server thread/WARN]: Can't keep up! Did the system time change, or is the server overloaded? Running 16078ms behind, skipping 321 tick(s)
[17:42:35] [Server thread/WARN]: Can't keep up! Did the system time change, or is the server overloaded? Running 5061ms behind, skipping 101 tick(s)
[17:43:18] [Server thread/WARN]: Can't keep up! Did the system time change, or is the server overloaded? Running 16551ms behind, skipping 331 tick(s)
[17:43:36] [Server thread/WARN]: Can't keep up! Did the system time change, or is the server overloaded? Running 4487ms behind, skipping 89 tick(s)
[17:44:12] [Server thread/WARN]: Can't keep up! Did the system time change, or is the server overloaded? Running 13029ms behind, skipping 260 tick(s)
[17:44:27] [Server thread/WARN]: Can't keep up! Did the system time change, or is the server overloaded? Running 3055ms behind, skipping 61 tick(s)
[17:45:18] [Server thread/WARN]: Can't keep up! Did the system time change, or is the server overloaded? Running 19391ms behind, skipping 387 tick(s)
[17:45:50] [Server thread/WARN]: Can't keep up! Did the system time change, or is the server overloaded? Running 4416ms behind, skipping 88 tick(s)
[17:46:22] [Server thread/WARN]: Can't keep up! Did the system time change, or is the server overloaded? Running 18876ms behind, skipping 377 tick(s)
[17:46:52] [Server thread/WARN]: Can't keep up! Did the system time change, or is the server overloaded? Running 2750ms behind, skipping 55 tick(s)
[17:47:30] [Server thread/WARN]: Can't keep up! Did the system time change, or is the server overloaded? Running 21235ms behind, skipping 424 tick(s)
[17:47:57] [Server thread/WARN]: Can't keep up! Did the system time change, or is the server overloaded? Running 3251ms behind, skipping 65 tick(s)
[17:48:31] [Server thread/WARN]: Can't keep up! Did the system time change, or is the server overloaded? Running 12682ms behind, skipping 253 tick(s)
[17:48:54] [Server thread/WARN]: Can't keep up! Did the system time change, or is the server overloaded? Running 2111ms behind, skipping 42 tick(s)
[17:49:43] [Server thread/WARN]: Can't keep up! Did the system time change, or is the server overloaded? Running 22501ms behind, skipping 450 tick(s)
[17:50:07] [Server thread/WARN]: Can't keep up! Did the system time change, or is the server overloaded? Running 3401ms behind, skipping 68 tick(s)
[17:51:07] [Server thread/WARN]: Can't keep up! Did the system time change, or is the server overloaded? Running 24455ms behind, skipping 489 tick(s)
[17:51:09] [Server thread/WARN]: Can't keep up! Did the system time change, or is the server overloaded? Running 2058ms behind, skipping 41 tick(s)
[17:51:26] [Server thread/WARN]: Can't keep up! Did the system time change, or is the server overloaded? Running 2202ms behind, skipping 44 tick(s)
[17:52:17] [Server thread/WARN]: Can't keep up! Did the system time change, or is the server overloaded? Running 19948ms behind, skipping 398 tick(s)
[17:52:28] [Server thread/WARN]: Can't keep up! Did the system time change, or is the server overloaded? Running 2054ms behind, skipping 41 tick(s)
[17:53:16] [Server thread/WARN]: Can't keep up! Did the system time change, or is the server overloaded? Running 17395ms behind, skipping 347 tick(s)
[17:53:31] [Server thread/WARN]: Can't keep up! Did the system time change, or is the server overloaded? Running 3185ms behind, skipping 63 tick(s)
[17:54:12] [Server thread/WARN]: Can't keep up! Did the system time change, or is the server overloaded? Running 15124ms behind, skipping 302 tick(s)
[17:54:27] [Server thread/WARN]: Can't keep up! Did the system time change, or is the server overloaded? Running 2984ms behind, skipping 59 tick(s)
[17:55:19] [Server thread/WARN]: Can't keep up! Did the system time change, or is the server overloaded? Running 20123ms behind, skipping 402 tick(s)
[17:55:21] [Server thread/WARN]: Can't keep up! Did the system time change, or is the server overloaded? Running 2011ms behind, skipping 40 tick(s)
[17:55:59] [Server thread/WARN]: Can't keep up! Did the system time change, or is the server overloaded? Running 20034ms behind, skipping 400 tick(s)
[17:56:34] [Server thread/WARN]: Can't keep up! Did the system time change, or is the server overloaded? Running 2430ms behind, skipping 48 tick(s)
[17:57:30] [Server thread/WARN]: Can't keep up! Did the system time change, or is the server overloaded? Running 22070ms behind, skipping 441 tick(s)
[17:57:32] [Server thread/WARN]: Can't keep up! Did the system time change, or is the server overloaded? Running 2060ms behind, skipping 41 tick(s)
[17:57:50] [Server thread/WARN]: Can't keep up! Did the system time change, or is the server overloaded? Running 2609ms behind, skipping 52 tick(s)
[17:58:38] [Server thread/WARN]: Can't keep up! Did the system time change, or is the server overloaded? Running 18408ms behind, skipping 368 tick(s)
[17:58:52] [Server thread/WARN]: Can't keep up! Did the system time change, or is the server overloaded? Running 5891ms behind, skipping 117 tick(s)
[17:59:37] [Server thread/WARN]: Can't keep up! Did the system time change, or is the server overloaded? Running 16750ms behind, skipping 335 tick(s)
[17:59:57] [Server thread/WARN]: Can't keep up! Did the system time change, or is the server overloaded? Running 2652ms behind, skipping 53 tick(s)
[18:00:52] [Server thread/WARN]: Can't keep up! Did the system time change, or is the server overloaded? Running 21842ms behind, skipping 436 tick(s)
[18:01:05] [Server thread/WARN]: Can't keep up! Did the system time change, or is the server overloaded? Running 2136ms behind, skipping 42 tick(s)
[18:02:00] [Server thread/WARN]: Can't keep up! Did the system time change, or is the server overloaded? Running 21423ms behind, skipping 428 tick(s)
[18:02:11] [Server thread/WARN]: Can't keep up! Did the system time change, or is the server overloaded? Running 2467ms behind, skipping 49 tick(s)
[18:02:57] [Server thread/WARN]: Can't keep up! Did the system time change, or is the server overloaded? Running 16329ms behind, skipping 326 tick(s)
[18:03:12] [Server thread/WARN]: Can't keep up! Did the system time change, or is the server overloaded? Running 3289ms behind, skipping 65 tick(s)
[18:04:07] [Server thread/WARN]: Can't keep up! Did the system time change, or is the server overloaded? Running 22417ms behind, skipping 448 tick(s)
[18:04:22] [Server thread/WARN]: Can't keep up! Did the system time change, or is the server overloaded? Running 6599ms behind, skipping 131 tick(s)
[18:04:52] [Server thread/WARN]: Can't keep up! Did the system time change, or is the server overloaded? Running 19639ms behind, skipping 392 tick(s)
[18:05:26] [Server thread/WARN]: Can't keep up! Did the system time change, or is the server overloaded? Running 2142ms behind, skipping 42 tick(s)
[18:06:28] [Server thread/WARN]: Can't keep up! Did the system time change, or is the server overloaded? Running 25057ms behind, skipping 501 tick(s)
[18:06:41] [Server thread/WARN]: Can't keep up! Did the system time change, or is the server overloaded? Running 4590ms behind, skipping 91 tick(s)
[18:07:10] [Server thread/WARN]: Can't keep up! Did the system time change, or is the server overloaded? Running 18060ms behind, skipping 361 tick(s)
[18:07:49] [Server thread/WARN]: Can't keep up! Did the system time change, or is the server overloaded? Running 2563ms behind, skipping 51 tick(s)
[18:08:41] [Server thread/WARN]: Can't keep up! Did the system time change, or is the server overloaded? Running 22832ms behind, skipping 456 tick(s)
[18:09:04] [Server thread/WARN]: Can't keep up! Did the system time change, or is the server overloaded? Running 8454ms behind, skipping 169 tick(s)
[18:09:24] [Server thread/WARN]: Can't keep up! Did the system time change, or is the server overloaded? Running 11957ms behind, skipping 239 tick(s)
[18:10:02] [Server thread/WARN]: Can't keep up! Did the system time change, or is the server overloaded? Running 4739ms behind, skipping 94 tick(s)
[18:10:35] [Server thread/WARN]: Can't keep up! Did the system time change, or is the server overloaded? Running 12920ms behind, skipping 258 tick(s)
[18:10:53] [Server thread/WARN]: Can't keep up! Did the system time change, or is the server overloaded? Running 4004ms behind, skipping 80 tick(s)
[18:11:32] [Server thread/WARN]: Can't keep up! Did the system time change, or is the server overloaded? Running 14279ms behind, skipping 285 tick(s)
[18:11:56] [Server thread/WARN]: Can't keep up! Did the system time change, or is the server overloaded? Running 4001ms behind, skipping 80 tick(s)
[18:12:34] [Server thread/WARN]: Can't keep up! Did the system time change, or is the server overloaded? Running 15219ms behind, skipping 304 tick(s)
[18:12:56] [Server thread/WARN]: Can't keep up! Did the system time change, or is the server overloaded? Running 3890ms behind, skipping 77 tick(s)
[18:13:35] [Server thread/WARN]: Can't keep up! Did the system time change, or is the server overloaded? Running 17888ms behind, skipping 357 tick(s)
[18:13:57] [Server thread/WARN]: Can't keep up! Did the system time change, or is the server overloaded? Running 2606ms behind, skipping 52 tick(s)
[18:14:36] [Server thread/WARN]: Can't keep up! Did the system time change, or is the server overloaded? Running 14937ms behind, skipping 298 tick(s)
[18:15:02] [Server thread/WARN]: Can't keep up! Did the system time change, or is the server overloaded? Running 3342ms behind, skipping 66 tick(s)
[18:15:40] [Server thread/WARN]: Can't keep up! Did the system time change, or is the server overloaded? Running 13997ms behind, skipping 279 tick(s)
[18:15:51] [Server thread/WARN]: Can't keep up! Did the system time change, or is the server overloaded? Running 3645ms behind, skipping 72 tick(s)
[18:16:38] [Server thread/WARN]: Can't keep up! Did the system time change, or is the server overloaded? Running 17137ms behind, skipping 342 tick(s)
[18:16:59] [Server thread/WARN]: Can't keep up! Did the system time change, or is the server overloaded? Running 4157ms behind, skipping 83 tick(s)
[18:17:30] [Server thread/WARN]: Can't keep up! Did the system time change, or is the server overloaded? Running 12313ms behind, skipping 246 tick(s)
[18:17:58] [Server thread/WARN]: Can't keep up! Did the system time change, or is the server overloaded? Running 4415ms behind, skipping 88 tick(s)
[18:18:31] [Server thread/WARN]: Can't keep up! Did the system time change, or is the server overloaded? Running 11966ms behind, skipping 239 tick(s)
[18:18:56] [Server thread/WARN]: Can't keep up! Did the system time change, or is the server overloaded? Running 4063ms behind, skipping 81 tick(s)
[18:19:30] [Server thread/WARN]: Can't keep up! Did the system time change, or is the server overloaded? Running 12583ms behind, skipping 251 tick(s)
[18:19:56] [Server thread/WARN]: Can't keep up! Did the system time change, or is the server overloaded? Running 4471ms behind, skipping 89 tick(s)
[18:20:32] [Server thread/WARN]: Can't keep up! Did the system time change, or is the server overloaded? Running 12120ms behind, skipping 242 tick(s)
[18:20:49] [Server thread/WARN]: Can't keep up! Did the system time change, or is the server overloaded? Running 2777ms behind, skipping 55 tick(s)
[18:21:29] [Server thread/WARN]: Can't keep up! Did the system time change, or is the server overloaded? Running 18791ms behind, skipping 375 tick(s)
[18:22:09] [Server thread/WARN]: Can't keep up! Did the system time change, or is the server overloaded? Running 3618ms behind, skipping 72 tick(s)
[18:22:47] [Server thread/WARN]: Can't keep up! Did the system time change, or is the server overloaded? Running 13501ms behind, skipping 270 tick(s)
[18:22:58] [Server thread/WARN]: Can't keep up! Did the system time change, or is the server overloaded? Running 4627ms behind, skipping 92 tick(s)
[18:23:32] [Server thread/WARN]: Can't keep up! Did the system time change, or is the server overloaded? Running 19028ms behind, skipping 380 tick(s)
[18:23:54] [Server thread/WARN]: Can't keep up! Did the system time change, or is the server overloaded? Running 2089ms behind, skipping 41 tick(s)
[18:24:31] [Server thread/WARN]: Can't keep up! Did the system time change, or is the server overloaded? Running 14752ms behind, skipping 295 tick(s)
[18:24:58] [Server thread/WARN]: Can't keep up! Did the system time change, or is the server overloaded? Running 3874ms behind, skipping 77 tick(s)
[18:25:38] [Server thread/WARN]: Can't keep up! Did the system time change, or is the server overloaded? Running 13776ms behind, skipping 275 tick(s)
[18:25:55] [Server thread/WARN]: Can't keep up! Did the system time change, or is the server overloaded? Running 5996ms behind, skipping 119 tick(s)
[18:26:30] [Server thread/WARN]: Can't keep up! Did the system time change, or is the server overloaded? Running 14438ms behind, skipping 288 tick(s)
[18:27:04] [Server thread/WARN]: Can't keep up! Did the system time change, or is the server overloaded? Running 9552ms behind, skipping 191 tick(s)
[18:27:23] [Server thread/WARN]: Can't keep up! Did the system time change, or is the server overloaded? Running 10259ms behind, skipping 205 tick(s)
[18:27:58] [Server thread/WARN]: Can't keep up! Did the system time change, or is the server overloaded? Running 4571ms behind, skipping 91 tick(s)
[18:28:48] [Server thread/WARN]: Can't keep up! Did the system time change, or is the server overloaded? Running 18220ms behind, skipping 364 tick(s)
[18:28:52] [Server thread/WARN]: Can't keep up! Did the system time change, or is the server overloaded? Running 2037ms behind, skipping 40 tick(s)
[18:29:27] [Server thread/WARN]: Can't keep up! Did the system time change, or is the server overloaded? Running 17728ms behind, skipping 354 tick(s)
[18:30:14] [Server thread/WARN]: Can't keep up! Did the system time change, or is the server overloaded? Running 3120ms behind, skipping 62 tick(s)
[18:31:43] [Server thread/WARN]: Can't keep up! Did the system time change, or is the server overloaded? Running 53359ms behind, skipping 1067 tick(s)
[18:31:45] [Server thread/WARN]: Can't keep up! Did the system time change, or is the server overloaded? Running 2257ms behind, skipping 45 tick(s)
[18:32:18] [Server thread/WARN]: Can't keep up! Did the system time change, or is the server overloaded? Running 2033ms behind, skipping 40 tick(s)
[18:33:00] [Server thread/WARN]: Can't keep up! Did the system time change, or is the server overloaded? Running 16669ms behind, skipping 333 tick(s)
[18:33:43] [Server thread/WARN]: Can't keep up! Did the system time change, or is the server overloaded? Running 5915ms behind, skipping 118 tick(s)
[18:34:05] [Server thread/WARN]: Can't keep up! Did the system time change, or is the server overloaded? Running 12367ms behind, skipping 247 tick(s)
[18:35:04] [Server thread/WARN]: Can't keep up! Did the system time change, or is the server overloaded? Running 4015ms behind, skipping 80 tick(s)
[18:35:44] [Server thread/WARN]: Can't keep up! Did the system time change, or is the server overloaded? Running 15746ms behind, skipping 314 tick(s)
[18:35:46] [Server thread/WARN]: Can't keep up! Did the system time change, or is the server overloaded? Running 2032ms behind, skipping 40 tick(s)
[18:36:20] [Server thread/WARN]: Can't keep up! Did the system time change, or is the server overloaded? Running 4911ms behind, skipping 98 tick(s)
[18:36:46] [Server thread/WARN]: Can't keep up! Did the system time change, or is the server overloaded? Running 15101ms behind, skipping 302 tick(s)
[18:36:54] [Server thread/WARN]: Can't keep up! Did the system time change, or is the server overloaded? Running 2110ms behind, skipping 42 tick(s)
[18:37:13] [Server thread/WARN]: Can't keep up! Did the system time change, or is the server overloaded? Running 2031ms behind, skipping 40 tick(s)
[18:37:47] [Server thread/WARN]: Can't keep up! Did the system time change, or is the server overloaded? Running 19800ms behind, skipping 396 tick(s)
[18:39:44] [Server thread/WARN]: Can't keep up! Did the system time change, or is the server overloaded? Running 3008ms behind, skipping 60 tick(s)
[18:40:32] [Server thread/WARN]: Can't keep up! Did the system time change, or is the server overloaded? Running 17105ms behind, skipping 342 tick(s)
[18:41:25] [Server thread/WARN]: Can't keep up! Did the system time change, or is the server overloaded? Running 3039ms behind, skipping 60 tick(s)
[18:42:18] [Server thread/WARN]: Can't keep up! Did the system time change, or is the server overloaded? Running 19979ms behind, skipping 399 tick(s)
[18:43:15] [Server thread/WARN]: Can't keep up! Did the system time change, or is the server overloaded? Running 3929ms behind, skipping 78 tick(s)
[18:43:58] [Server thread/WARN]: Can't keep up! Did the system time change, or is the server overloaded? Running 19922ms behind, skipping 398 tick(s)
[18:45:01] [Server thread/WARN]: Can't keep up! Did the system time change, or is the server overloaded? Running 4502ms behind, skipping 90 tick(s)
[18:45:36] [Server thread/WARN]: Can't keep up! Did the system time change, or is the server overloaded? Running 12614ms behind, skipping 252 tick(s)
[18:46:30] [Server thread/WARN]: Can't keep up! Did the system time change, or is the server overloaded? Running 7118ms behind, skipping 142 tick(s)
[18:47:02] [Server thread/WARN]: Can't keep up! Did the system time change, or is the server overloaded? Running 19217ms behind, skipping 384 tick(s)
[18:47:07] [Server thread/WARN]: Can't keep up! Did the system time change, or is the server overloaded? Running 3641ms behind, skipping 72 tick(s)
[18:47:52] [Server thread/WARN]: Can't keep up! Did the system time change, or is the server overloaded? Running 26908ms behind, skipping 538 tick(s)
[18:48:03] [Server thread/WARN]: Can't keep up! Did the system time change, or is the server overloaded? Running 2269ms behind, skipping 45 tick(s)
[18:48:23] [Server thread/WARN]: Can't keep up! Did the system time change, or is the server overloaded? Running 3525ms behind, skipping 70 tick(s)
[18:48:50] [Server thread/WARN]: Can't keep up! Did the system time change, or is the server overloaded? Running 9527ms behind, skipping 190 tick(s)
[18:49:53] [Server thread/WARN]: Can't keep up! Did the system time change, or is the server overloaded? Running 2029ms behind, skipping 40 tick(s)
[18:50:16] [Server thread/WARN]: Can't keep up! Did the system time change, or is the server overloaded? Running 8945ms behind, skipping 178 tick(s)
[18:51:39] [Server thread/WARN]: Can't keep up! Did the system time change, or is the server overloaded? Running 2398ms behind, skipping 47 tick(s)
[18:52:18] [Server thread/WARN]: Can't keep up! Did the system time change, or is the server overloaded? Running 12399ms behind, skipping 247 tick(s)
[18:52:27] [Server thread/WARN]: Can't keep up! Did the system time change, or is the server overloaded? Running 4105ms behind, skipping 82 tick(s)
[18:55:05] [Server thread/WARN]: Can't keep up! Did the system time change, or is the server overloaded? Running 2525ms behind, skipping 50 tick(s)
[18:55:43] [Server thread/WARN]: Can't keep up! Did the system time change, or is the server overloaded? Running 9146ms behind, skipping 182 tick(s)
[18:56:38] [Server thread/WARN]: Can't keep up! Did the system time change, or is the server overloaded? Running 4548ms behind, skipping 90 tick(s)
[18:57:41] [Server thread/WARN]: Can't keep up! Did the system time change, or is the server overloaded? Running 2070ms behind, skipping 41 tick(s)
[18:58:08] [Server thread/WARN]: Can't keep up! Did the system time change, or is the server overloaded? Running 11276ms behind, skipping 225 tick(s)
[18:59:47] [Server thread/WARN]: Can't keep up! Did the system time change, or is the server overloaded? Running 2025ms behind, skipping 40 tick(s)
[19:00:15] [Server thread/WARN]: Can't keep up! Did the system time change, or is the server overloaded? Running 12734ms behind, skipping 254 tick(s)
[19:01:30] [Server thread/WARN]: Can't keep up! Did the system time change, or is the server overloaded? Running 2212ms behind, skipping 44 tick(s)
[19:02:59] [Server thread/WARN]: Can't keep up! Did the system time change, or is the server overloaded? Running 3539ms behind, skipping 70 tick(s)
[19:03:22] [Server thread/WARN]: Can't keep up! Did the system time change, or is the server overloaded? Running 9225ms behind, skipping 184 tick(s)
[19:04:22] [Server thread/WARN]: Can't keep up! Did the system time change, or is the server overloaded? Running 3412ms behind, skipping 68 tick(s)
[19:04:50] [Server thread/WARN]: Can't keep up! Did the system time change, or is the server overloaded? Running 11098ms behind, skipping 221 tick(s)
[19:05:31] [Server thread/WARN]: Can't keep up! Did the system time change, or is the server overloaded? Running 2283ms behind, skipping 45 tick(s)
[19:05:58] [Server thread/WARN]: Can't keep up! Did the system time change, or is the server overloaded? Running 8848ms behind, skipping 176 tick(s)
[19:06:46] [Server thread/WARN]: Can't keep up! Did the system time change, or is the server overloaded? Running 5926ms behind, skipping 118 tick(s)
[19:07:10] [Server thread/WARN]: Can't keep up! Did the system time change, or is the server overloaded? Running 7070ms behind, skipping 141 tick(s)
[19:07:52] [Server thread/WARN]: Can't keep up! Did the system time change, or is the server overloaded? Running 4476ms behind, skipping 89 tick(s)
[19:08:18] [Server thread/WARN]: Can't keep up! Did the system time change, or is the server overloaded? Running 7367ms behind, skipping 147 tick(s)
[19:09:00] [Server thread/WARN]: Can't keep up! Did the system time change, or is the server overloaded? Running 2600ms behind, skipping 52 tick(s)
[19:09:22] [Server thread/WARN]: Can't keep up! Did the system time change, or is the server overloaded? Running 7299ms behind, skipping 145 tick(s)
[19:09:27] [Server thread/INFO]: kawaii_vocaloid1 fell from a high place
[19:09:38] [Server thread/WARN]: Can't keep up! Did the system time change, or is the server overloaded? Running 2535ms behind, skipping 50 tick(s)
[19:10:16] [Server thread/WARN]: Can't keep up! Did the system time change, or is the server overloaded? Running 21239ms behind, skipping 424 tick(s)
[19:10:47] [Server thread/WARN]: Can't keep up! Did the system time change, or is the server overloaded? Running 4522ms behind, skipping 90 tick(s)
[19:11:05] [Server thread/WARN]: Can't keep up! Did the system time change, or is the server overloaded? Running 4199ms behind, skipping 83 tick(s)
[19:11:43] [Server thread/WARN]: Can't keep up! Did the system time change, or is the server overloaded? Running 4505ms behind, skipping 90 tick(s)
[19:12:11] [Server thread/WARN]: Can't keep up! Did the system time change, or is the server overloaded? Running 8176ms behind, skipping 163 tick(s)
[19:13:11] [Server thread/WARN]: Can't keep up! Did the system time change, or is the server overloaded? Running 3802ms behind, skipping 76 tick(s)
[19:13:32] [Server thread/WARN]: Can't keep up! Did the system time change, or is the server overloaded? Running 7293ms behind, skipping 145 tick(s)
[19:13:32] [Server thread/INFO]: kirka121 was slain by Skeleton
[19:13:46] [Server thread/WARN]: Can't keep up! Did the system time change, or is the server overloaded? Running 2099ms behind, skipping 41 tick(s)
[19:14:07] [Server thread/WARN]: Can't keep up! Did the system time change, or is the server overloaded? Running 4248ms behind, skipping 84 tick(s)
[19:14:38] [Server thread/WARN]: Can't keep up! Did the system time change, or is the server overloaded? Running 5531ms behind, skipping 110 tick(s)
[19:15:03] [Server thread/WARN]: Can't keep up! Did the system time change, or is the server overloaded? Running 14549ms behind, skipping 290 tick(s)
[19:16:36] [Server thread/WARN]: Can't keep up! Did the system time change, or is the server overloaded? Running 2555ms behind, skipping 51 tick(s)
[19:17:24] [Server thread/WARN]: Can't keep up! Did the system time change, or is the server overloaded? Running 19890ms behind, skipping 397 tick(s)
[19:18:09] [Server thread/WARN]: Can't keep up! Did the system time change, or is the server overloaded? Running 2561ms behind, skipping 51 tick(s)
[19:19:03] [Server thread/WARN]: Can't keep up! Did the system time change, or is the server overloaded? Running 20519ms behind, skipping 410 tick(s)
[19:19:29] [Server thread/WARN]: Can't keep up! Did the system time change, or is the server overloaded? Running 2444ms behind, skipping 48 tick(s)
[19:20:10] [Server thread/WARN]: Can't keep up! Did the system time change, or is the server overloaded? Running 19846ms behind, skipping 396 tick(s)
[19:20:34] [Server thread/WARN]: Can't keep up! Did the system time change, or is the server overloaded? Running 2575ms behind, skipping 51 tick(s)
[19:20:58] [Server thread/WARN]: Can't keep up! Did the system time change, or is the server overloaded? Running 8418ms behind, skipping 168 tick(s)
[19:22:08] [Server thread/WARN]: Can't keep up! Did the system time change, or is the server overloaded? Running 2122ms behind, skipping 42 tick(s)
[19:22:39] [Server thread/WARN]: Can't keep up! Did the system time change, or is the server overloaded? Running 10162ms behind, skipping 203 tick(s)
[19:23:48] [Server thread/WARN]: Can't keep up! Did the system time change, or is the server overloaded? Running 2002ms behind, skipping 40 tick(s)
[19:24:27] [Server thread/WARN]: Can't keep up! Did the system time change, or is the server overloaded? Running 17963ms behind, skipping 359 tick(s)
[19:25:44] [Server thread/WARN]: Can't keep up! Did the system time change, or is the server overloaded? Running 4590ms behind, skipping 91 tick(s)
[19:26:22] [Server thread/WARN]: Can't keep up! Did the system time change, or is the server overloaded? Running 12823ms behind, skipping 256 tick(s)
[19:27:16] [Server thread/WARN]: Can't keep up! Did the system time change, or is the server overloaded? Running 2706ms behind, skipping 54 tick(s)
[19:27:51] [Server thread/WARN]: Can't keep up! Did the system time change, or is the server overloaded? Running 14062ms behind, skipping 281 tick(s)
[19:28:47] [Server thread/WARN]: Can't keep up! Did the system time change, or is the server overloaded? Running 4045ms behind, skipping 80 tick(s)
[19:29:20] [Server thread/WARN]: Can't keep up! Did the system time change, or is the server overloaded? Running 10957ms behind, skipping 219 tick(s)
[19:30:05] [Server thread/WARN]: Can't keep up! Did the system time change, or is the server overloaded? Running 4976ms behind, skipping 99 tick(s)
[19:30:38] [Server thread/WARN]: Can't keep up! Did the system time change, or is the server overloaded? Running 10123ms behind, skipping 202 tick(s)
[19:31:40] [Server thread/WARN]: Can't keep up! Did the system time change, or is the server overloaded? Running 2452ms behind, skipping 49 tick(s)
[19:32:10] [Server thread/WARN]: Can't keep up! Did the system time change, or is the server overloaded? Running 9565ms behind, skipping 191 tick(s)
[19:33:14] [Server thread/WARN]: Can't keep up! Did the system time change, or is the server overloaded? Running 2745ms behind, skipping 54 tick(s)
[19:33:44] [Server thread/WARN]: Can't keep up! Did the system time change, or is the server overloaded? Running 14513ms behind, skipping 290 tick(s)
[19:34:56] [Server thread/WARN]: Can't keep up! Did the system time change, or is the server overloaded? Running 3443ms behind, skipping 68 tick(s)
[19:35:28] [Server thread/WARN]: Can't keep up! Did the system time change, or is the server overloaded? Running 14061ms behind, skipping 281 tick(s)
[19:36:20] [Server thread/WARN]: Can't keep up! Did the system time change, or is the server overloaded? Running 3540ms behind, skipping 70 tick(s)
[19:36:55] [Server thread/WARN]: Can't keep up! Did the system time change, or is the server overloaded? Running 12169ms behind, skipping 243 tick(s)
[19:37:41] [Server thread/WARN]: Can't keep up! Did the system time change, or is the server overloaded? Running 2564ms behind, skipping 51 tick(s)
[19:38:10] [Server thread/WARN]: Can't keep up! Did the system time change, or is the server overloaded? Running 12568ms behind, skipping 251 tick(s)
[19:38:42] [Server thread/WARN]: Can't keep up! Did the system time change, or is the server overloaded? Running 4033ms behind, skipping 80 tick(s)
[19:39:08] [Server thread/WARN]: Can't keep up! Did the system time change, or is the server overloaded? Running 8133ms behind, skipping 162 tick(s)
[19:39:48] [Server thread/WARN]: Can't keep up! Did the system time change, or is the server overloaded? Running 2026ms behind, skipping 40 tick(s)
[19:40:19] [Server thread/WARN]: Can't keep up! Did the system time change, or is the server overloaded? Running 10191ms behind, skipping 203 tick(s)
[19:40:45] [Server thread/WARN]: Can't keep up! Did the system time change, or is the server overloaded? Running 3086ms behind, skipping 61 tick(s)
[19:41:15] [Server thread/WARN]: Can't keep up! Did the system time change, or is the server overloaded? Running 9523ms behind, skipping 190 tick(s)
[19:42:01] [Server thread/WARN]: Can't keep up! Did the system time change, or is the server overloaded? Running 2632ms behind, skipping 52 tick(s)
[19:42:35] [Server thread/WARN]: Can't keep up! Did the system time change, or is the server overloaded? Running 9683ms behind, skipping 193 tick(s)
[19:43:17] [Server thread/WARN]: Can't keep up! Did the system time change, or is the server overloaded? Running 5941ms behind, skipping 118 tick(s)
[19:43:39] [Server thread/WARN]: Can't keep up! Did the system time change, or is the server overloaded? Running 6644ms behind, skipping 132 tick(s)
[19:44:21] [Server thread/WARN]: Can't keep up! Did the system time change, or is the server overloaded? Running 4555ms behind, skipping 91 tick(s)
[19:44:51] [Server thread/WARN]: Can't keep up! Did the system time change, or is the server overloaded? Running 9887ms behind, skipping 197 tick(s)
[19:45:18] [Server thread/WARN]: Can't keep up! Did the system time change, or is the server overloaded? Running 3524ms behind, skipping 70 tick(s)
[19:45:52] [Server thread/WARN]: Can't keep up! Did the system time change, or is the server overloaded? Running 11072ms behind, skipping 221 tick(s)
[19:46:24] [Server thread/WARN]: Can't keep up! Did the system time change, or is the server overloaded? Running 2129ms behind, skipping 42 tick(s)
[19:47:02] [Server thread/WARN]: Can't keep up! Did the system time change, or is the server overloaded? Running 18899ms behind, skipping 377 tick(s)
[19:47:31] [Server thread/WARN]: Can't keep up! Did the system time change, or is the server overloaded? Running 4450ms behind, skipping 89 tick(s)
[19:47:55] [Server thread/WARN]: Can't keep up! Did the system time change, or is the server overloaded? Running 7559ms behind, skipping 151 tick(s)
[19:48:24] [Server thread/WARN]: Can't keep up! Did the system time change, or is the server overloaded? Running 2073ms behind, skipping 41 tick(s)
[19:49:03] [Server thread/WARN]: Can't keep up! Did the system time change, or is the server overloaded? Running 13377ms behind, skipping 267 tick(s)
[19:49:40] [Server thread/WARN]: Can't keep up! Did the system time change, or is the server overloaded? Running 4557ms behind, skipping 91 tick(s)
[19:50:12] [Server thread/WARN]: Can't keep up! Did the system time change, or is the server overloaded? Running 10456ms behind, skipping 209 tick(s)
[19:50:41] [Server thread/WARN]: Can't keep up! Did the system time change, or is the server overloaded? Running 5010ms behind, skipping 100 tick(s)
[19:51:13] [Server thread/WARN]: Can't keep up! Did the system time change, or is the server overloaded? Running 10610ms behind, skipping 212 tick(s)
[19:51:51] [Server thread/WARN]: Can't keep up! Did the system time change, or is the server overloaded? Running 6604ms behind, skipping 132 tick(s)
[19:52:21] [Server thread/WARN]: Can't keep up! Did the system time change, or is the server overloaded? Running 9726ms behind, skipping 194 tick(s)
[19:52:51] [Server thread/WARN]: Can't keep up! Did the system time change, or is the server overloaded? Running 2554ms behind, skipping 51 tick(s)
[19:53:18] [Server thread/WARN]: Can't keep up! Did the system time change, or is the server overloaded? Running 9059ms behind, skipping 181 tick(s)
[19:53:49] [Server thread/WARN]: Can't keep up! Did the system time change, or is the server overloaded? Running 5294ms behind, skipping 105 tick(s)
[19:54:20] [Server thread/WARN]: Can't keep up! Did the system time change, or is the server overloaded? Running 10300ms behind, skipping 206 tick(s)
[19:55:06] [Server thread/WARN]: Can't keep up! Did the system time change, or is the server overloaded? Running 4510ms behind, skipping 90 tick(s)
[19:55:38] [Server thread/WARN]: Can't keep up! Did the system time change, or is the server overloaded? Running 10495ms behind, skipping 209 tick(s)
[19:56:18] [Server thread/WARN]: Can't keep up! Did the system time change, or is the server overloaded? Running 6096ms behind, skipping 121 tick(s)
[19:56:41] [Server thread/WARN]: Can't keep up! Did the system time change, or is the server overloaded? Running 6913ms behind, skipping 138 tick(s)
[19:57:17] [Server thread/WARN]: Can't keep up! Did the system time change, or is the server overloaded? Running 4143ms behind, skipping 82 tick(s)
[19:57:43] [Server thread/WARN]: Can't keep up! Did the system time change, or is the server overloaded? Running 8043ms behind, skipping 160 tick(s)
[19:58:11] [Server thread/WARN]: Can't keep up! Did the system time change, or is the server overloaded? Running 2775ms behind, skipping 55 tick(s)
[19:58:46] [Server thread/WARN]: Can't keep up! Did the system time change, or is the server overloaded? Running 12968ms behind, skipping 259 tick(s)
[19:59:33] [Server thread/WARN]: Can't keep up! Did the system time change, or is the server overloaded? Running 3460ms behind, skipping 69 tick(s)
[20:00:12] [Server thread/WARN]: Can't keep up! Did the system time change, or is the server overloaded? Running 13759ms behind, skipping 275 tick(s)
[20:00:54] [Server thread/WARN]: Can't keep up! Did the system time change, or is the server overloaded? Running 2497ms behind, skipping 49 tick(s)
[20:01:34] [Server thread/WARN]: Can't keep up! Did the system time change, or is the server overloaded? Running 13672ms behind, skipping 273 tick(s)
[20:02:23] [Server thread/WARN]: Can't keep up! Did the system time change, or is the server overloaded? Running 3997ms behind, skipping 79 tick(s)
[20:02:56] [Server thread/WARN]: Can't keep up! Did the system time change, or is the server overloaded? Running 11871ms behind, skipping 237 tick(s)
[20:03:28] [Server thread/WARN]: Can't keep up! Did the system time change, or is the server overloaded? Running 2212ms behind, skipping 44 tick(s)
[20:03:59] [Server thread/WARN]: Can't keep up! Did the system time change, or is the server overloaded? Running 12121ms behind, skipping 242 tick(s)
[20:04:34] [Server thread/WARN]: Can't keep up! Did the system time change, or is the server overloaded? Running 3048ms behind, skipping 60 tick(s)
[20:05:00] [Server thread/WARN]: Can't keep up! Did the system time change, or is the server overloaded? Running 8277ms behind, skipping 165 tick(s)
[20:05:35] [Server thread/WARN]: Can't keep up! Did the system time change, or is the server overloaded? Running 3713ms behind, skipping 74 tick(s)
[20:06:00] [Server thread/WARN]: Can't keep up! Did the system time change, or is the server overloaded? Running 7752ms behind, skipping 155 tick(s)
[20:06:31] [Server thread/WARN]: Can't keep up! Did the system time change, or is the server overloaded? Running 3524ms behind, skipping 70 tick(s)
[20:06:54] [Server thread/WARN]: Can't keep up! Did the system time change, or is the server overloaded? Running 7705ms behind, skipping 154 tick(s)
[20:07:31] [Server thread/WARN]: Can't keep up! Did the system time change, or is the server overloaded? Running 3853ms behind, skipping 77 tick(s)
[20:08:00] [Server thread/WARN]: Can't keep up! Did the system time change, or is the server overloaded? Running 8735ms behind, skipping 174 tick(s)
[20:08:40] [Server thread/WARN]: Can't keep up! Did the system time change, or is the server overloaded? Running 3278ms behind, skipping 65 tick(s)
[20:09:08] [Server thread/WARN]: Can't keep up! Did the system time change, or is the server overloaded? Running 10000ms behind, skipping 200 tick(s)
[20:09:55] [Server thread/WARN]: Can't keep up! Did the system time change, or is the server overloaded? Running 4482ms behind, skipping 89 tick(s)
[20:10:30] [Server thread/WARN]: Can't keep up! Did the system time change, or is the server overloaded? Running 13096ms behind, skipping 261 tick(s)
[20:11:20] [Server thread/WARN]: Can't keep up! Did the system time change, or is the server overloaded? Running 4215ms behind, skipping 84 tick(s)
[20:11:46] [Server thread/WARN]: Can't keep up! Did the system time change, or is the server overloaded? Running 8243ms behind, skipping 164 tick(s)
[20:12:27] [Server thread/WARN]: Can't keep up! Did the system time change, or is the server overloaded? Running 3654ms behind, skipping 73 tick(s)
[20:12:56] [Server thread/WARN]: Can't keep up! Did the system time change, or is the server overloaded? Running 9519ms behind, skipping 190 tick(s)
[20:13:43] [Server thread/WARN]: Can't keep up! Did the system time change, or is the server overloaded? Running 5521ms behind, skipping 110 tick(s)
[20:14:08] [Server thread/WARN]: Can't keep up! Did the system time change, or is the server overloaded? Running 7943ms behind, skipping 158 tick(s)
[20:14:39] [Server thread/WARN]: Can't keep up! Did the system time change, or is the server overloaded? Running 2291ms behind, skipping 45 tick(s)
[20:15:08] [Server thread/WARN]: Can't keep up! Did the system time change, or is the server overloaded? Running 9416ms behind, skipping 188 tick(s)
[20:15:42] [Server thread/WARN]: Can't keep up! Did the system time change, or is the server overloaded? Running 2068ms behind, skipping 41 tick(s)
[20:16:20] [Server thread/WARN]: Can't keep up! Did the system time change, or is the server overloaded? Running 14096ms behind, skipping 281 tick(s)
[20:16:52] [Server thread/WARN]: Can't keep up! Did the system time change, or is the server overloaded? Running 3481ms behind, skipping 69 tick(s)
[20:17:32] [Server thread/WARN]: Can't keep up! Did the system time change, or is the server overloaded? Running 14056ms behind, skipping 281 tick(s)
[20:18:05] [Server thread/WARN]: Can't keep up! Did the system time change, or is the server overloaded? Running 2080ms behind, skipping 41 tick(s)
[20:18:37] [Server thread/WARN]: Can't keep up! Did the system time change, or is the server overloaded? Running 10317ms behind, skipping 206 tick(s)
[20:19:08] [Server thread/WARN]: Can't keep up! Did the system time change, or is the server overloaded? Running 3047ms behind, skipping 60 tick(s)
[20:19:35] [Server thread/WARN]: Can't keep up! Did the system time change, or is the server overloaded? Running 13469ms behind, skipping 269 tick(s)
[20:19:52] [Server thread/INFO]: kirka121 was slain by Zombie
[20:20:27] [Server thread/WARN]: Can't keep up! Did the system time change, or is the server overloaded? Running 5105ms behind, skipping 102 tick(s)
[20:21:08] [Server thread/WARN]: Can't keep up! Did the system time change, or is the server overloaded? Running 17053ms behind, skipping 341 tick(s)
[20:21:58] [Server thread/WARN]: Can't keep up! Did the system time change, or is the server overloaded? Running 4061ms behind, skipping 81 tick(s)
[20:22:28] [Server thread/WARN]: Can't keep up! Did the system time change, or is the server overloaded? Running 9960ms behind, skipping 199 tick(s)
[20:23:04] [Server thread/WARN]: Can't keep up! Did the system time change, or is the server overloaded? Running 4010ms behind, skipping 80 tick(s)
[20:23:28] [Server thread/WARN]: Can't keep up! Did the system time change, or is the server overloaded? Running 7084ms behind, skipping 141 tick(s)
[20:23:56] [Server thread/WARN]: Can't keep up! Did the system time change, or is the server overloaded? Running 2622ms behind, skipping 52 tick(s)
[20:24:24] [Server thread/WARN]: Can't keep up! Did the system time change, or is the server overloaded? Running 8669ms behind, skipping 173 tick(s)
[20:25:08] [Server thread/WARN]: Can't keep up! Did the system time change, or is the server overloaded? Running 4068ms behind, skipping 81 tick(s)
[20:25:40] [Server thread/WARN]: Can't keep up! Did the system time change, or is the server overloaded? Running 11154ms behind, skipping 223 tick(s)
[20:26:16] [Server thread/WARN]: Can't keep up! Did the system time change, or is the server overloaded? Running 4046ms behind, skipping 80 tick(s)
[20:26:40] [Server thread/WARN]: Can't keep up! Did the system time change, or is the server overloaded? Running 6887ms behind, skipping 137 tick(s)
[20:27:48] [Server thread/WARN]: Can't keep up! Did the system time change, or is the server overloaded? Running 3552ms behind, skipping 71 tick(s)
[20:28:11] [Server thread/WARN]: Can't keep up! Did the system time change, or is the server overloaded? Running 6476ms behind, skipping 129 tick(s)
[20:29:35] [Server thread/WARN]: Can't keep up! Did the system time change, or is the server overloaded? Running 3473ms behind, skipping 69 tick(s)
[20:29:56] [Server thread/WARN]: Can't keep up! Did the system time change, or is the server overloaded? Running 6611ms behind, skipping 132 tick(s)
[20:30:45] [Server thread/WARN]: Can't keep up! Did the system time change, or is the server overloaded? Running 2978ms behind, skipping 59 tick(s)
[20:31:19] [Server thread/WARN]: Can't keep up! Did the system time change, or is the server overloaded? Running 11933ms behind, skipping 238 tick(s)
[20:31:58] [Server thread/WARN]: Can't keep up! Did the system time change, or is the server overloaded? Running 4732ms behind, skipping 94 tick(s)
[20:32:18] [Server thread/WARN]: Can't keep up! Did the system time change, or is the server overloaded? Running 6996ms behind, skipping 139 tick(s)
[20:32:31] [Server thread/WARN]: Can't keep up! Did the system time change, or is the server overloaded? Running 2888ms behind, skipping 57 tick(s)
[20:33:04] [Server thread/WARN]: Can't keep up! Did the system time change, or is the server overloaded? Running 4813ms behind, skipping 96 tick(s)
[20:33:37] [Server thread/WARN]: Can't keep up! Did the system time change, or is the server overloaded? Running 10371ms behind, skipping 207 tick(s)
[20:34:50] [Server thread/WARN]: Can't keep up! Did the system time change, or is the server overloaded? Running 5695ms behind, skipping 113 tick(s)
[20:35:14] [Server thread/WARN]: Can't keep up! Did the system time change, or is the server overloaded? Running 7914ms behind, skipping 158 tick(s)
[20:36:05] [Server thread/WARN]: Can't keep up! Did the system time change, or is the server overloaded? Running 2415ms behind, skipping 48 tick(s)
[20:36:33] [Server thread/WARN]: Can't keep up! Did the system time change, or is the server overloaded? Running 7924ms behind, skipping 158 tick(s)
[20:37:11] [Server thread/WARN]: Can't keep up! Did the system time change, or is the server overloaded? Running 5283ms behind, skipping 105 tick(s)
[20:37:27] [Server thread/WARN]: Can't keep up! Did the system time change, or is the server overloaded? Running 2361ms behind, skipping 47 tick(s)
[20:37:55] [Server thread/WARN]: Can't keep up! Did the system time change, or is the server overloaded? Running 2159ms behind, skipping 43 tick(s)
[20:38:14] [Server thread/WARN]: Can't keep up! Did the system time change, or is the server overloaded? Running 2972ms behind, skipping 59 tick(s)
[20:39:26] [Server thread/WARN]: Can't keep up! Did the system time change, or is the server overloaded? Running 2813ms behind, skipping 56 tick(s)
[20:39:51] [Server thread/WARN]: Can't keep up! Did the system time change, or is the server overloaded? Running 8758ms behind, skipping 175 tick(s)
[20:40:48] [Server thread/WARN]: Can't keep up! Did the system time change, or is the server overloaded? Running 3041ms behind, skipping 60 tick(s)
[20:41:26] [Server thread/WARN]: Can't keep up! Did the system time change, or is the server overloaded? Running 12744ms behind, skipping 254 tick(s)
[20:42:14] [Server thread/WARN]: Can't keep up! Did the system time change, or is the server overloaded? Running 2017ms behind, skipping 40 tick(s)
[20:42:46] [Server thread/WARN]: Can't keep up! Did the system time change, or is the server overloaded? Running 11199ms behind, skipping 223 tick(s)
[20:42:49] [Server thread/INFO]: kirka121 lost connection: TextComponent{text='Disconnected', siblings=[], style=Style{hasParent=false, color=null, bold=null, italic=null, underlined=null, obfuscated=null, clickEvent=null, hoverEvent=null}}
[20:42:49] [Server thread/INFO]: kirka121 left the game
[20:42:55] [Server thread/INFO]: Stopping server
[20:42:55] [Server thread/INFO]: Saving players
[20:42:55] [Server thread/INFO]: Saving worlds
[20:42:55] [Server thread/INFO]: Saving chunks for level 'world'/Overworld
[20:42:55] [Server thread/INFO]: Saving chunks for level 'world'/Nether
[20:42:55] [Server thread/INFO]: Saving chunks for level 'world'/The End
[20:42:56] [Server Shutdown Thread/INFO]: Stopping server
[20:42:56] [Server Shutdown Thread/INFO]: Saving players
